2014-04-11 10:17:20,258 [3] DEBUG DT.Receiver [(null)] - DT 已启动，请不要关闭此窗口！
2014-04-11 10:17:23,784 [3] DEBUG DT.Receiver [(null)] - DT 已启动，请不要关闭此窗口！
2014-04-11 10:17:27,356 [3] DEBUG DT.Receiver [(null)] - DT 已启动，请不要关闭此窗口！
2014-04-11 10:17:30,851 [3] DEBUG DT.Receiver [(null)] - DT 已启动，请不要关闭此窗口！
2014-04-11 10:17:34,423 [3] DEBUG DT.Receiver [(null)] - DT 已启动，请不要关闭此窗口！
2014-04-11 10:17:37,918 [3] DEBUG DT.Receiver [(null)] - DT 已启动，请不要关闭此窗口！
2014-04-11 10:17:48,494 [3] DEBUG DT.Receiver [(null)] - DT 已启动，请不要关闭此窗口！
2014-04-11 10:18:02,581 [3] DEBUG DT.Receiver [(null)] - DT 已启动，请不要关闭此窗口！
2014-04-11 10:18:06,122 [3] DEBUG DT.Receiver [(null)] - DT 已启动，请不要关闭此窗口！
2014-04-11 10:18:09,617 [3] DEBUG DT.Receiver [(null)] - DT 已启动，请不要关闭此窗口！
2014-04-11 10:18:37,884 [3] DEBUG DT.Receiver [(null)] - DT 已启动，请不要关闭此窗口！
2014-04-11 10:18:48,398 [3] DEBUG DT.Receiver [(null)] - DT 已启动，请不要关闭此窗口！
2014-04-11 05:01:58,368 [3] DEBUG DT.Receiver [(null)] - DT 已启动，请不要关闭此窗口！
2014-04-11 05:03:36,562 [3] DEBUG DT.Receiver [(null)] - DT 已启动，请不要关闭此窗口！
2014-04-11 18:01:51,212 [3] DEBUG DT.Receiver [(null)] - DT 已启动，请不要关闭此窗口！
2014-04-11 18:02:30,742 [3] DEBUG DT.Receiver [(null)] - DT 已启动，请不要关闭此窗口！
2014-04-11 12:01:50,149 [3] DEBUG DT.Receiver [(null)] - DT 已启动，请不要关闭此窗口！
2014-04-11 12:03:15,512 [3] DEBUG DT.Receiver [(null)] - DT 已启动，请不要关闭此窗口！
2014-04-11 10:29:53,854 [3] DEBUG DT.Receiver [(null)] - DT 已启动，请不要关闭此窗口！
2014-04-11 10:29:57,145 [3] DEBUG DT.Receiver [(null)] - DT 已启动，请不要关闭此窗口！
2014-04-11 10:30:01,856 [3] DEBUG DT.Receiver [(null)] - DT 已启动，请不要关闭此窗口！
2014-04-11 10:30:13,837 [3] DEBUG DT.Receiver [(null)] - DT 已启动，请不要关闭此窗口！
2014-04-11 10:30:27,815 [3] DEBUG DT.Receiver [(null)] - DT 已启动，请不要关闭此窗口！
2014-04-11 10:30:31,340 [3] DEBUG DT.Receiver [(null)] - DT 已启动，请不要关闭此窗口！
2014-04-11 10:30:34,882 [3] DEBUG DT.Receiver [(null)] - DT 已启动，请不要关闭此窗口！
2014-04-11 10:30:38,392 [3] DEBUG DT.Receiver [(null)] - DT 已启动，请不要关闭此窗口！
2014-04-11 10:30:41,917 [3] DEBUG DT.Receiver [(null)] - DT 已启动，请不要关闭此窗口！
2014-04-11 10:30:45,458 [3] DEBUG DT.Receiver [(null)] - DT 已启动，请不要关闭此窗口！
2014-04-11 10:30:58,094 [3] DEBUG DT.Receiver [(null)] - DT 已启动，请不要关闭此窗口！
2014-04-11 10:31:16,666 [4] DEBUG DT.Sender [(null)] - 正在准备文件 : C:/dt/54881ff4b6ad4588b24775b518cfbc12.txt
2014-04-11 10:31:17,103 [3] DEBUG DT.Receiver [(null)] - 已连接到发送方
2014-04-11 10:31:17,103 [4] DEBUG DT.Sender [(null)] - 54881ff4b6ad4588b24775b518cfbc12.txt; 文件开始发送...
2014-04-11 10:31:17,103 [4] DEBUG DT.Sender [(null)] - 100% 完成!
2014-04-11 10:31:17,103 [4] DEBUG DT.Sender [(null)] - 文件发送成功： C:/dt/temp/05856063-06f8-46b3-a755-ae0161f60b45.zip
2014-04-11 10:31:17,150 [3] DEBUG DT.Receiver [(null)] - C:/dt/文件/审计/54881ff4b6ad4588b24775b518cfbc12.txt 文件接收成功, zip文件: C:/dt/temp/bad129b8-fb62-454e-b854-72c75aceb069.zip
2014-04-11 10:31:17,197 [5] ERROR DT.Notice [(null)] - http://www.baidu.com?msg=DT_SYNCHRO&fileName=54881ff4b6ad4588b24775b518cfbc12.txt 回调系统失败！错误信息: 无法解析此远程名称: 'www.baidu.com'; 堆栈信息:    在 System.Net.HttpWebRequest.GetRequestStream(TransportContext& context)
   在 System.Net.HttpWebRequest.GetRequestStream()
   在 DT.Notice.NoticeSystem() 位置 C:\Resources\Develop\DT.NET\DT\Notice.cs:行号 48
2014-04-11 10:32:23,393 [4] DEBUG DT.Sender [(null)] - 正在准备文件 : C:/dt/54881ff4b6ad4588b24775b518cfbc12.txt
2014-04-11 10:32:23,714 [3] DEBUG DT.Receiver [(null)] - 已连接到发送方
2014-04-11 10:32:23,714 [4] DEBUG DT.Sender [(null)] - 54881ff4b6ad4588b24775b518cfbc12.txt; 文件开始发送...
2014-04-11 10:32:23,714 [4] DEBUG DT.Sender [(null)] - 100% 完成!
2014-04-11 10:32:23,714 [4] DEBUG DT.Sender [(null)] - 文件发送成功： C:/dt/temp/eb2bec60-8324-4899-aee4-060b19740127.zip
2014-04-11 10:32:23,714 [3] DEBUG DT.Receiver [(null)] - C:/dt/文件/审计/54881ff4b6ad4588b24775b518cfbc12.txt 文件接收成功, zip文件: C:/dt/temp/c8e96b64-0a2a-4b1c-b880-f83115813212.zip
2014-04-11 10:33:05,803 [7] ERROR DT.Notice [(null)] - http://www.baidu.com?msg=DT_SYNCHRO&fileName=54881ff4b6ad4588b24775b518cfbc12.txt 回调系统失败！错误信息: 无法连接到远程服务器; 堆栈信息:    在 System.Net.HttpWebRequest.GetRequestStream(TransportContext& context)
   在 System.Net.HttpWebRequest.GetRequestStream()
   在 DT.Notice.NoticeSystem() 位置 C:\Resources\Develop\DT.NET\DT\Notice.cs:行号 48
2014-04-11 10:33:33,243 [3] DEBUG DT.Receiver [(null)] - DT 已启动，请不要关闭此窗口！
2014-04-11 10:37:44,375 [3] DEBUG DT.Receiver [(null)] - DT 已启动，请不要关闭此窗口！
2014-04-11 05:01:09,340 [3] DEBUG DT.Receiver [(null)] - DT 已启动，请不要关闭此窗口！
2014-04-11 05:02:12,847 [3] DEBUG DT.Receiver [(null)] - DT 已启动，请不要关闭此窗口！
2014-04-11 05:02:25,407 [4] DEBUG DT.Sender [(null)] - 正在准备文件 : C:/dt/54881ff4b6ad4588b24775b518cfbc12.txt
2014-04-11 05:02:25,813 [3] DEBUG DT.Receiver [(null)] - 已连接到发送方
2014-04-11 05:02:25,813 [4] DEBUG DT.Sender [(null)] - 54881ff4b6ad4588b24775b518cfbc12.txt; 文件开始发送...
2014-04-11 05:02:25,813 [4] DEBUG DT.Sender [(null)] - 100% 完成!
2014-04-11 05:02:25,813 [4] DEBUG DT.Sender [(null)] - 文件发送成功： C:/dt/temp/67c5b818-cb9d-4add-9cd2-4ffd1477e24b.zip
2014-04-11 05:02:25,860 [3] DEBUG DT.Receiver [(null)] - C:/dt/文件/审计/54881ff4b6ad4588b24775b518cfbc12.txt 文件接收成功, zip文件: C:/dt/temp/be403cbc-9434-4440-8797-2b82b000ca5e.zip
2014-04-11 10:40:11,202 [5] ERROR DT.Notice [(null)] - http://www.baidu.com?msg=DT_SYNCHRO&fileName=54881ff4b6ad4588b24775b518cfbc12.txt 回调系统失败！错误信息: 无法连接到远程服务器; 堆栈信息:    在 System.Net.HttpWebRequest.GetRequestStream(TransportContext& context)
   在 System.Net.HttpWebRequest.GetRequestStream()
   在 DT.Notice.NoticeSystem() 位置 C:\Resources\Develop\DT.NET\DT\Notice.cs:行号 49
2014-04-11 10:40:33,728 [3] DEBUG DT.Receiver [(null)] - DT 已启动，请不要关闭此窗口！
2014-04-11 10:40:52,698 [3] DEBUG DT.Receiver [(null)] - DT 已启动，请不要关闭此窗口！
2014-04-11 10:40:55,490 [3] DEBUG DT.Receiver [(null)] - DT 已启动，请不要关闭此窗口！
2014-04-11 10:41:08,068 [4] DEBUG DT.Sender [(null)] - 正在准备文件 : C:/dt/54881ff4b6ad4588b24775b518cfbc12.txt
2014-04-11 10:41:08,551 [3] DEBUG DT.Receiver [(null)] - 已连接到发送方
2014-04-11 10:41:08,551 [4] DEBUG DT.Sender [(null)] - 54881ff4b6ad4588b24775b518cfbc12.txt; 文件开始发送...
2014-04-11 10:41:08,551 [4] DEBUG DT.Sender [(null)] - 100% 完成!
2014-04-11 10:41:08,551 [4] DEBUG DT.Sender [(null)] - 文件发送成功： C:/dt/temp/04872af8-b1ce-444c-b27f-4a442887a552.zip
2014-04-11 10:41:08,583 [3] DEBUG DT.Receiver [(null)] - C:/dt/文件/审计/54881ff4b6ad4588b24775b518cfbc12.txt 文件接收成功, zip文件: C:/dt/temp/bc863f93-afce-42f8-8926-a5beb2cc6941.zip
2014-04-11 10:41:23,681 [3] DEBUG DT.Receiver [(null)] - DT 已启动，请不要关闭此窗口！
2014-04-11 10:42:01,000 [3] DEBUG DT.Receiver [(null)] - DT 已启动，请不要关闭此窗口！
2014-04-11 10:42:10,514 [4] DEBUG DT.Sender [(null)] - 正在准备文件 : C:/dt/54881ff4b6ad4588b24775b518cfbc12.txt
2014-04-11 10:42:10,920 [3] DEBUG DT.Receiver [(null)] - 已连接到发送方
2014-04-11 10:42:10,920 [4] DEBUG DT.Sender [(null)] - 54881ff4b6ad4588b24775b518cfbc12.txt; 文件开始发送...
2014-04-11 10:42:10,920 [4] DEBUG DT.Sender [(null)] - 100% 完成!
2014-04-11 10:42:10,920 [4] DEBUG DT.Sender [(null)] - 文件发送成功： C:/dt/temp/12544bdb-9649-4402-b737-c2ed95873fee.zip
2014-04-11 10:42:10,967 [3] DEBUG DT.Receiver [(null)] - C:/dt/文件/审计/54881ff4b6ad4588b24775b518cfbc12.txt 文件接收成功, zip文件: C:/dt/temp/e0397d20-cfac-4666-816c-ea662f998ebd.zip
2014-04-11 10:42:53,055 [5] ERROR DT.Notice [(null)] - http://www.baidu.com?msg=DT_SYNCHRO&fileName=54881ff4b6ad4588b24775b518cfbc12.txt 回调系统失败！错误信息: 无法连接到远程服务器; 堆栈信息:    在 System.Net.HttpWebRequest.GetRequestStream(TransportContext& context)
   在 System.Net.HttpWebRequest.GetRequestStream()
   在 DT.Notice.NoticeSystem() 位置 C:\Resources\Develop\DT.NET\DT\Notice.cs:行号 49
2014-04-16 10:32:06,633 [3] DEBUG DT.Receiver [(null)] - DT 已启动，请不要关闭此窗口！
2014-04-16 10:32:10,174 [3] DEBUG DT.Receiver [(null)] - DT 已启动，请不要关闭此窗口！
2014-04-16 10:32:13,653 [3] DEBUG DT.Receiver [(null)] - DT 已启动，请不要关闭此窗口！
2014-04-16 10:32:31,281 [3] DEBUG DT.Receiver [(null)] - DT 已启动，请不要关闭此窗口！
2014-04-16 10:33:03,105 [3] DEBUG DT.Receiver [(null)] - DT 已启动，请不要关闭此窗口！
2014-04-16 10:38:04,667 [4] DEBUG DT.Sender [(null)] - 正在准备文件 : C:/dt/54881ff4b6ad4588b24775b518cfbc12.txt
2014-04-16 10:38:05,103 [3] DEBUG DT.Receiver [(null)] - 已连接到发送方
2014-04-16 10:38:05,103 [4] DEBUG DT.Sender [(null)] - 54881ff4b6ad4588b24775b518cfbc12.txt; 文件开始发送...
2014-04-16 10:38:05,103 [4] DEBUG DT.Sender [(null)] - 100% 完成!
2014-04-16 10:38:05,103 [4] DEBUG DT.Sender [(null)] - 文件发送成功： C:/dt/temp/5012795a-b2ba-4a93-9cdc-2ae87800f594.zip
2014-04-16 10:38:05,166 [3] DEBUG DT.Receiver [(null)] - C:/dt/文件/审计/54881ff4b6ad4588b24775b518cfbc12.txt 文件接收成功, zip文件: C:/dt/temp/75841841-fe22-496a-9107-cd6ae24e0404.zip
2014-04-16 10:38:08,333 [5] DEBUG DT.Notice [(null)] - http://www.baidu.com?msg=DT_SYNCHRO&fileName=54881ff4b6ad4588b24775b518cfbc12.txt 回调系统成功！
2014-04-16 10:38:48,503 [3] DEBUG DT.Receiver [(null)] - DT 已启动，请不要关闭此窗口！
